Start testing: Jul 19 05:04 UTC
----------------------------------------------------------
1/1 Testing: voxel_tests
1/1 Test: voxel_tests
Command: "/home/runner/work/TranMoiz259/TranMoiz259/build/voxel_tests"
Directory: /home/runner/work/TranMoiz259/TranMoiz259/build
"voxel_tests" start time: Jul 19 05:04 UTC
Output:
----------------------------------------------------------
<end of output>
Test time =   0.01 sec
----------------------------------------------------------
Test Passed.
"voxel_tests" end time: Jul 19 05:04 UTC
"voxel_tests" time elapsed: 00:00:00
----------------------------------------------------------

End testing: Jul 19 05:04 UTC
